<?xml version="1.0" encoding="UTF-8"?>
<!-- Generated by org.testng.reporters.JUnitReportReporter -->
<testsuite hostname="operationss-MBP" name="runners.TestRunner" tests="1" failures="0" timestamp="4 Nov 2017 07:22:05 GMT" time="29.663" errors="0">
  <testcase name="run_cukes" time="29.663" classname="runners.TestRunner"/>
</testsuite> <!-- runners.TestRunner -->
