<?xml version="1.0" encoding="UTF-8"?>
<!-- Generated by org.testng.reporters.JUnitReportReporter -->
<testsuite hostname="operationss-MBP" name="runners.TestRunner" tests="1" failures="0" timestamp="5 Nov 2017 10:31:15 GMT" time="36.462" errors="0">
  <testcase name="run_cukes" time="36.462" classname="runners.TestRunner"/>
</testsuite> <!-- runners.TestRunner -->
